<?xml version="1.0" encoding="UTF-8"?>
<!-- Generated by org.testng.reporters.JUnitReportReporter -->
<testsuite hostname="Suvarnas-MacBook-Air.fritz.box" failures="0" tests="3" name="com.crm.testcases.HomePageTest" time="42.279" errors="0" timestamp="04 Nov 2018 01:54:31 GMT" skipped="0">
  <testcase classname="com.crm.testcases.HomePageTest" name="verifyHomePageTitleTest" time="11.509"/>
  <testcase classname="com.crm.testcases.HomePageTest" name="verifyUserNameTest" time="13.649"/>
  <testcase classname="com.crm.testcases.HomePageTest" name="verifyContactsLinkTest" time="17.121"/>
</testsuite> <!-- com.crm.testcases.HomePageTest -->
