<?xml version="1.0" encoding="UTF-8"?>
<!-- Generated by org.testng.reporters.JUnitReportReporter -->
<testsuite hostname="Suvarnas-MacBook-Air.fritz.box" failures="0" tests="3" name="com.crm.testcases.LoginPageTest" time="24.901" errors="0" timestamp="04 Nov 2018 01:54:31 GMT" skipped="0">
  <testcase classname="com.crm.testcases.LoginPageTest" name="LoginPageTitleTest" time="6.631"/>
  <testcase classname="com.crm.testcases.LoginPageTest" name="CRMLogoImageTest" time="5.622"/>
  <testcase classname="com.crm.testcases.LoginPageTest" name="LoginTest" time="12.648"/>
</testsuite> <!-- com.crm.testcases.LoginPageTest -->
