<?xml version="1.0" encoding="UTF-8"?>
<!-- Generated by org.testng.reporters.JUnitReportReporter -->
<testsuite hostname="Suvarnas-MacBook-Air.fritz.box" failures="0" tests="7" name="com.crm.testcases.ContactsPageTest" time="109.999" errors="0" timestamp="04 Nov 2018 01:54:31 GMT" skipped="0">
  <testcase classname="com.crm.testcases.ContactsPageTest" name="verifyContactsPageLabel" time="14.478"/>
  <testcase classname="com.crm.testcases.ContactsPageTest" name="selectSingleContactsTest" time="13.098"/>
  <testcase classname="com.crm.testcases.ContactsPageTest" name="selectMultipleContactsTest" time="12.828"/>
  <testcase classname="com.crm.testcases.ContactsPageTest" name="validateCreateNewContact" time="21.041"/>
  <testcase classname="com.crm.testcases.ContactsPageTest" name="validateCreateNewContact" time="16.367"/>
  <testcase classname="com.crm.testcases.ContactsPageTest" name="validateCreateNewContact" time="16.046"/>
  <testcase classname="com.crm.testcases.ContactsPageTest" name="validateCreateNewContact" time="16.141"/>
</testsuite> <!-- com.crm.testcases.ContactsPageTest -->
